0 info it worked if it ends with ok
1 verbose cli [
1 verbose cli   'F:\\nodejs\\node.exe',
1 verbose cli   'F:\\nodejs\\node_global\\node_modules\\npm\\bin\\npm-cli.js',
1 verbose cli   'run',
1 verbose cli   'serve'
1 verbose cli ]
2 info using npm@5.4.0
3 info using node@v12.12.0
4 verbose run-script [ 'preserve', 'serve', 'postserve' ]
5 info lifecycle antd-vue-demo@0.1.0~preserve: antd-vue-demo@0.1.0
6 info lifecycle antd-vue-demo@0.1.0~serve: antd-vue-demo@0.1.0
7 verbose lifecycle antd-vue-demo@0.1.0~serve: unsafe-perm in lifecycle true
8 verbose lifecycle antd-vue-demo@0.1.0~serve: PATH: F:\nodejs\node_global\node_modules\npm\bin\node-gyp-bin;F:\project\vue\antd-vue-demo\node_modules\.bin;C:\Users\louis\bin;C:\Program Files\Git\mingw64\bin;C:\Program Files\Git\usr\local\bin;C:\Program Files\Git\usr\bin;C:\Program Files\Git\usr\bin;C:\Program Files\Git\mingw64\bin;C:\Program Files\Git\usr\bin;C:\Users\louis\bin;C:\Program Files\Java\jdk1.8.0_121\bin;C:\Program Files\Java\jdk1.8.0_121\jre\bin;C:\Program Files (x86)\Common Files\Oracle\Java\javapath;C:\Program Files (x86)\NetSarang\Xshell 6;C:\WINDOWS\system32;C:\WINDOWS;C:\WINDOWS\System32\Wbem;C:\WINDOWS\System32\WindowsPowerShell\v1.0;C:\WINDOWS\System32\OpenSSH;C:\Program Files\Git\cmd;C:\Program Files\TortoiseSVN\bin;C:\Program Files (x86)\Windows Kits\8.1\Windows Performance Toolkit;F:\eclipse\maven\apache-maven-3.6.1\bin;%CATALINA_HOME%\lib;%CATALINA_HOME%\bin;F:\software\erl10.4\bin;F:\eclipse\apache-ant-1.9.14\bin;C:\Program Files\MySQL\MySQL Server 5.7\bin;C:\Program Files\nodejs;F:\nodejs;F:\nodejs\node_global\node_modules\cnpm;F:\nodejs\node_global;C:\Users\louis\AppData\Local\Programs\Microsoft VS Code\bin;F:\software\erl10.4\bi;.;C:\Users\louis\AppData\Roaming\npm;C:\Program Files\Git\usr\bin\vendor_perl;C:\Program Files\Git\usr\bin\core_perl
9 verbose lifecycle antd-vue-demo@0.1.0~serve: CWD: F:\project\vue\antd-vue-demo
10 silly lifecycle antd-vue-demo@0.1.0~serve: Args: [ '/d /s /c', 'vue-cli-service serve' ]
11 silly lifecycle antd-vue-demo@0.1.0~serve: Returned: code: 1  signal: null
12 info lifecycle antd-vue-demo@0.1.0~serve: Failed to exec serve script
13 verbose stack Error: antd-vue-demo@0.1.0 serve: `vue-cli-service serve`
13 verbose stack Exit status 1
13 verbose stack     at EventEmitter.<anonymous> (F:\nodejs\node_global\node_modules\npm\node_modules\npm-lifecycle\index.js:280:16)
13 verbose stack     at EventEmitter.emit (events.js:210:5)
13 verbose stack     at ChildProcess.<anonymous> (F:\nodejs\node_global\node_modules\npm\node_modules\npm-lifecycle\lib\spawn.js:55:14)
13 verbose stack     at ChildProcess.emit (events.js:210:5)
13 verbose stack     at maybeClose (internal/child_process.js:1021:16)
13 verbose stack     at Process.ChildProcess._handle.onexit (internal/child_process.js:283:5)
14 verbose pkgid antd-vue-demo@0.1.0
15 verbose cwd F:\project\vue\antd-vue-demo
16 verbose Windows_NT 10.0.17763
17 verbose argv "F:\\nodejs\\node.exe" "F:\\nodejs\\node_global\\node_modules\\npm\\bin\\npm-cli.js" "run" "serve"
18 verbose node v12.12.0
19 verbose npm  v5.4.0
20 error code ELIFECYCLE
21 error errno 1
22 error antd-vue-demo@0.1.0 serve: `vue-cli-service serve`
22 error Exit status 1
23 error Failed at the antd-vue-demo@0.1.0 serve script.
23 error This is probably not a problem with npm. There is likely additional logging output above.
24 verbose exit [ 1, true ]
